[INFO] Scanning for projects...
[INFO] ------------------------------------------------------------------------
[INFO] Reactor Build Order:
[INFO] 
[INFO] release-service                                                    [jar]
[INFO] notification-service                                               [jar]
[INFO] Release System                                                     [pom]
[INFO] 
[INFO] ---------------------< miu.cs544:release-service >----------------------
[INFO] Building release-service 0.0.1-SNAPSHOT                            [1/3]
[INFO]   from release-service\pom.xml
[INFO] --------------------------------[ jar ]---------------------------------
[INFO] 
[INFO] --- resources:3.3.1:resources (default-resources) @ release-service ---
[INFO] Copying 1 resource from src\main\resources to target\classes
[INFO] Copying 0 resource from src\main\resources to target\classes
[INFO] 
[INFO] --- compiler:3.11.0:compile (default-compile) @ release-service ---
[INFO] Nothing to compile - all classes are up to date
[INFO] 
[INFO] --- resources:3.3.1:testResources (default-testResources) @ release-service ---
[INFO] Copying 1 resource from src\test\resources to target\test-classes
[INFO] 
[INFO] --- compiler:3.11.0:testCompile (default-testCompile) @ release-service ---
[INFO] Nothing to compile - all classes are up to date
[INFO] 
[INFO] --- surefire:3.1.2:test (default-test) @ release-service ---
[INFO] Using auto detected provider org.apache.maven.surefire.junitplatform.JUnitPlatformProvider
[INFO] 
[INFO] -------------------------------------------------------
[INFO]  T E S T S
[INFO] -------------------------------------------------------
[INFO] Running miu.cs544.releasesystem.release.api.ReleaseApiRestAssuredTest
11:12:59.856 [main] INFO org.springframework.test.context.support.AnnotationConfigContextLoaderUtils -- Could not detect default configuration classes for test class [miu.cs544.releasesystem.release.api.ReleaseApiRestAssuredTest]: ReleaseApiRestAssuredTest does not declare any static, non-private, non-final, nested classes annotated with @Configuration.
11:13:00.023 [main] INFO org.springframework.boot.test.context.SpringBootTestContextBootstrapper -- Found @SpringBootConfiguration miu.cs544.releasesystem.release.ReleaseServiceApplication for test class miu.cs544.releasesystem.release.api.ReleaseApiRestAssuredTest

  .   ____          _            __ _ _
 /\\ / ___'_ __ _ _(_)_ __  __ _ \ \ \ \
( ( )\___ | '_ | '_| | '_ \/ _` | \ \ \ \
 \\/  ___)| |_)| | | | | || (_| |  ) ) ) )
  '  |____| .__|_| |_|_| |_\__, | / / / /
 =========|_|==============|___/=/_/_/_/
 :: Spring Boot ::                (v3.2.3)

2026-02-05T11:13:01.037-06:00  INFO 33892 --- [release-service] [           main] m.c.r.r.api.ReleaseApiRestAssuredTest    : Starting ReleaseApiRestAssuredTest using Java 21.0.7 with PID 33892 (started by ablik in E:\MIU\CS544-2026-01A-01D-01\Project\release-service)
2026-02-05T11:13:01.040-06:00  INFO 33892 --- [release-service] [           main] m.c.r.r.api.ReleaseApiRestAssuredTest    : The following 1 profile is active: "test"
2026-02-05T11:13:04.314-06:00  INFO 33892 --- [release-service] [           main] .s.d.r.c.RepositoryConfigurationDelegate : Bootstrapping Spring Data MongoDB repositories in DEFAULT mode.
2026-02-05T11:13:04.787-06:00  INFO 33892 --- [release-service] [           main] .s.d.r.c.RepositoryConfigurationDelegate : Finished Spring Data repository scanning in 454 ms. Found 3 MongoDB repository interfaces.
2026-02-05T11:13:08.084-06:00  INFO 33892 --- [release-service] [           main] o.s.b.w.embedded.tomcat.TomcatWebServer  : Tomcat initialized with port 0 (http)
2026-02-05T11:13:08.271-06:00  INFO 33892 --- [release-service] [           main] o.apache.catalina.core.StandardService   : Starting service [Tomcat]
2026-02-05T11:13:08.277-06:00  INFO 33892 --- [release-service] [           main] o.apache.catalina.core.StandardEngine    : Starting Servlet engine: [Apache Tomcat/10.1.19]
2026-02-05T11:13:08.602-06:00  INFO 33892 --- [release-service] [           main] o.a.c.c.C.[Tomcat].[localhost].[/]       : Initializing Spring embedded WebApplicationContext
2026-02-05T11:13:08.604-06:00  INFO 33892 --- [release-service] [           main] w.s.c.ServletWebServerApplicationContext : Root WebApplicationContext: initialization completed in 6838 ms
2026-02-05T11:13:11.359-06:00  INFO 33892 --- [release-service] [           main] org.mongodb.driver.client                : MongoClient with metadata {"driver": {"name": "mongo-java-driver|sync|spring-boot", "version": "4.11.1"}, "os": {"type": "Windows", "name": "Windows 11", "architecture": "amd64", "version": "10.0"}, "platform": "Java/Microsoft/21.0.7+6-LTS"} created with settings MongoClientSettings{readPreference=primary, writeConcern=WriteConcern{w=null, wTimeout=null ms, journal=null}, retryWrites=true, retryReads=true, readConcern=ReadConcern{level=null}, credential=MongoCredential{mechanism=null, userName='admin', source='admin', password=<hidden>, mechanismProperties=<hidden>}, transportSettings=null, streamFactoryFactory=null, commandListeners=[io.micrometer.core.instrument.binder.mongodb.MongoMetricsCommandListener@459e120b], codecRegistry=ProvidersCodecRegistry{codecProviders=[ValueCodecProvider{}, BsonValueCodecProvider{}, DBRefCodecProvider{}, DBObjectCodecProvider{}, DocumentCodecProvider{}, CollectionCodecProvider{}, IterableCodecProvider{}, MapCodecProvider{}, GeoJsonCodecProvider{}, GridFSFileCodecProvider{}, Jsr310CodecProvider{}, JsonObjectCodecProvider{}, BsonCodecProvider{}, EnumCodecProvider{}, com.mongodb.client.model.mql.ExpressionCodecProvider@1ac3a6f, com.mongodb.Jep395RecordCodecProvider@fee7ca, com.mongodb.KotlinCodecProvider@29c80149]}, loggerSettings=LoggerSettings{maxDocumentLength=1000}, clusterSettings={hosts=[localhost:27017], srvServiceName=mongodb, mode=SINGLE, requiredClusterType=UNKNOWN, requiredReplicaSetName='null', serverSelector='null', clusterListeners='[]', serverSelectionTimeout='30000 ms', localThreshold='15 ms'}, socketSettings=SocketSettings{connectTimeoutMS=10000, readTimeoutMS=0, receiveBufferSize=0, proxySettings=ProxySettings{host=null, port=null, username=null, password=null}}, heartbeatSocketSettings=SocketSettings{connectTimeoutMS=10000, readTimeoutMS=10000, receiveBufferSize=0, proxySettings=ProxySettings{host=null, port=null, username=null, password=null}}, connectionPoolSettings=ConnectionPoolSettings{maxSize=100, minSize=0, maxWaitTimeMS=120000, maxConnectionLifeTimeMS=0, maxConnectionIdleTimeMS=0, maintenanceInitialDelayMS=0, maintenanceFrequencyMS=60000, connectionPoolListeners=[io.micrometer.core.instrument.binder.mongodb.MongoMetricsConnectionPoolListener@19e801b5], maxConnecting=2}, serverSettings=ServerSettings{heartbeatFrequencyMS=10000, minHeartbeatFrequencyMS=500, serverListeners='[]', serverMonitorListeners='[]'}, sslSettings=SslSettings{enabled=false, invalidHostNameAllowed=false, context=null}, applicationName='null', compressorList=[], uuidRepresentation=JAVA_LEGACY, serverApi=null, autoEncryptionSettings=null, dnsClient=null, inetAddressResolver=null, contextProvider=null}
2026-02-05T11:13:11.565-06:00  INFO 33892 --- [release-service] [localhost:27017] org.mongodb.driver.cluster               : Monitor thread successfully connected to server with description ServerDescription{address=localhost:27017, type=STANDALONE, state=CONNECTED, ok=true, minWireVersion=0, maxWireVersion=27, maxDocumentSize=16777216, logicalSessionTimeoutMinutes=30, roundTripTimeNanos=208260801}
2026-02-05T11:13:17.014-06:00  INFO 33892 --- [release-service] [           main] o.s.b.a.e.web.EndpointLinksResolver      : Exposing 13 endpoint(s) beneath base path '/actuator'
2026-02-05T11:13:17.318-06:00  INFO 33892 --- [release-service] [           main] o.s.s.web.DefaultSecurityFilterChain     : Will secure any request with [org.springframework.security.web.session.DisableEncodeUrlFilter@11ec2b2f, org.springframework.security.web.context.request.async.WebAsyncManagerIntegrationFilter@a70daf4, org.springframework.security.web.context.SecurityContextHolderFilter@62c1259f, org.springframework.security.web.header.HeaderWriterFilter@7827cdfc, org.springframework.web.filter.CorsFilter@70aa03c0, org.springframework.security.web.authentication.logout.LogoutFilter@7ca8f5d7, miu.cs544.releasesystem.release.security.JwtAuthenticationFilter@7bde704a, org.springframework.security.web.savedrequest.RequestCacheAwareFilter@74267ece, org.springframework.security.web.servletapi.SecurityContextHolderAwareRequestFilter@3e265811, org.springframework.security.web.authentication.AnonymousAuthenticationFilter@6344004d, org.springframework.security.web.session.SessionManagementFilter@43c20142, org.springframework.security.web.access.ExceptionTranslationFilter@80b6098, org.springframework.security.web.access.intercept.AuthorizationFilter@20276412]
2026-02-05T11:13:18.703-06:00  INFO 33892 --- [release-service] [           main] o.s.b.w.embedded.tomcat.TomcatWebServer  : Tomcat started on port 15135 (http) with context path ''
2026-02-05T11:13:18.727-06:00  INFO 33892 --- [release-service] [           main] m.c.r.r.api.ReleaseApiRestAssuredTest    : Started ReleaseApiRestAssuredTest in 18.449 seconds (process running for 20.405)
OpenJDK 64-Bit Server VM warning: Sharing is only supported for boot loader classes because bootstrap classpath has been appended
WARNING: A Java agent has been loaded dynamically (C:\Users\ablik\.m2\repository\net\bytebuddy\byte-buddy-agent\1.14.12\byte-buddy-agent-1.14.12.jar)
WARNING: If a serviceability tool is in use, please run with -XX:+EnableDynamicAgentLoading to hide this warning
WARNING: If a serviceability tool is not in use, please run with -Djdk.instrument.traceUsage for more information
WARNING: Dynamic loading of agents will be disallowed by default in a future release
2026-02-05T11:13:23.096-06:00  INFO 33892 --- [release-service] [o-auto-1-exec-1] o.a.c.c.C.[Tomcat].[localhost].[/]       : Initializing Spring DispatcherServlet 'dispatcherServlet'
2026-02-05T11:13:23.096-06:00  INFO 33892 --- [release-service] [o-auto-1-exec-1] o.s.web.servlet.DispatcherServlet        : Initializing Servlet 'dispatcherServlet'
2026-02-05T11:13:23.100-06:00  INFO 33892 --- [release-service] [o-auto-1-exec-1] o.s.web.servlet.DispatcherServlet        : Completed initialization in 4 ms
2026-02-05T11:13:25.847-06:00  INFO 33892 --- [release-service] [o-auto-1-exec-4] o.a.k.clients.producer.ProducerConfig    : ProducerConfig values: 
	acks = -1
	auto.include.jmx.reporter = true
	batch.size = 16384
	bootstrap.servers = [localhost:9092]
	buffer.memory = 33554432
	client.dns.lookup = use_all_dns_ips
	client.id = producer-1
	compression.type = none
	connections.max.idle.ms = 540000
	delivery.timeout.ms = 120000
	enable.idempotence = true
	interceptor.classes = []
	key.serializer = class org.apache.kafka.common.serialization.StringSerializer
	linger.ms = 0
	max.block.ms = 60000
	max.in.flight.requests.per.connection = 5
	max.request.size = 1048576
	metadata.max.age.ms = 300000
	metadata.max.idle.ms = 300000
	metric.reporters = []
	metrics.num.samples = 2
	metrics.recording.level = INFO
	metrics.sample.window.ms = 30000
	partitioner.adaptive.partitioning.enable = true
	partitioner.availability.timeout.ms = 0
	partitioner.class = null
	partitioner.ignore.keys = false
	receive.buffer.bytes = 32768
	reconnect.backoff.max.ms = 1000
	reconnect.backoff.ms = 50
	request.timeout.ms = 30000
	retries = 3
	retry.backoff.ms = 100
	sasl.client.callback.handler.class = null
	sasl.jaas.config = null
	sasl.kerberos.kinit.cmd = /usr/bin/kinit
	sasl.kerberos.min.time.before.relogin = 60000
	sasl.kerberos.service.name = null
	sasl.kerberos.ticket.renew.jitter = 0.05
	sasl.kerberos.ticket.renew.window.factor = 0.8
	sasl.login.callback.handler.class = null
	sasl.login.class = null
	sasl.login.connect.timeout.ms = null
	sasl.login.read.timeout.ms = null
	sasl.login.refresh.buffer.seconds = 300
	sasl.login.refresh.min.period.seconds = 60
	sasl.login.refresh.window.factor = 0.8
	sasl.login.refresh.window.jitter = 0.05
	sasl.login.retry.backoff.max.ms = 10000
	sasl.login.retry.backoff.ms = 100
	sasl.mechanism = GSSAPI
	sasl.oauthbearer.clock.skew.seconds = 30
	sasl.oauthbearer.expected.audience = null
	sasl.oauthbearer.expected.issuer = null
	sasl.oauthbearer.jwks.endpoint.refresh.ms = 3600000
	sasl.oauthbearer.jwks.endpoint.retry.backoff.max.ms = 10000
	sasl.oauthbearer.jwks.endpoint.retry.backoff.ms = 100
	sasl.oauthbearer.jwks.endpoint.url = null
	sasl.oauthbearer.scope.claim.name = scope
	sasl.oauthbearer.sub.claim.name = sub
	sasl.oauthbearer.token.endpoint.url = null
	security.protocol = PLAINTEXT
	security.providers = null
	send.buffer.bytes = 131072
	socket.connection.setup.timeout.max.ms = 30000
	socket.connection.setup.timeout.ms = 10000
	ssl.cipher.suites = null
	ssl.enabled.protocols = [TLSv1.2, TLSv1.3]
	ssl.endpoint.identification.algorithm = https
	ssl.engine.factory.class = null
	ssl.key.password = null
	ssl.keymanager.algorithm = SunX509
	ssl.keystore.certificate.chain = null
	ssl.keystore.key = null
	ssl.keystore.location = null
	ssl.keystore.password = null
	ssl.keystore.type = JKS
	ssl.protocol = TLSv1.3
	ssl.provider = null
	ssl.secure.random.implementation = null
	ssl.trustmanager.algorithm = PKIX
	ssl.truststore.certificates = null
	ssl.truststore.location = null
	ssl.truststore.password = null
	ssl.truststore.type = JKS
	transaction.timeout.ms = 60000
	transactional.id = null
	value.serializer = class org.springframework.kafka.support.serializer.JsonSerializer

2026-02-05T11:13:25.890-06:00  INFO 33892 --- [release-service] [o-auto-1-exec-4] o.a.k.clients.producer.KafkaProducer     : [Producer clientId=producer-1] Instantiated an idempotent producer.
2026-02-05T11:13:25.966-06:00  INFO 33892 --- [release-service] [o-auto-1-exec-4] o.a.kafka.common.utils.AppInfoParser     : Kafka version: 3.6.1
2026-02-05T11:13:25.969-06:00  INFO 33892 --- [release-service] [o-auto-1-exec-4] o.a.kafka.common.utils.AppInfoParser     : Kafka commitId: 5e3c2b738d253ff5
2026-02-05T11:13:25.969-06:00  INFO 33892 --- [release-service] [o-auto-1-exec-4] o.a.kafka.common.utils.AppInfoParser     : Kafka startTimeMs: 1770311605962
2026-02-05T11:13:26.483-06:00  INFO 33892 --- [release-service] [ad | producer-1] org.apache.kafka.clients.Metadata        : [Producer clientId=producer-1] Cluster ID: 0IO4YKhrQZ-2ISK1ox9Hqw
2026-02-05T11:13:26.487-06:00  INFO 33892 --- [release-service] [ad | producer-1] o.a.k.c.p.internals.TransactionManager   : [Producer clientId=producer-1] ProducerId set to 6006 with epoch 0
2026-02-05T11:13:26.510-06:00  INFO 33892 --- [release-service] [o-auto-1-exec-4] m.c.r.r.service.KafkaProducerService     : Sent TaskAssignedEvent: TaskAssignedEvent(taskId=8f3f3708-605a-4aaa-9194-b0665e0a9d5a, developerId=dev_complete_c89912ce, developerEmail=null, releaseId=6984cfb5f84b745fe3a07dc3)
2026-02-05T11:13:26.689-06:00  INFO 33892 --- [release-service] [o-auto-1-exec-1] m.c.r.r.service.KafkaProducerService     : Sent TaskAssignedEvent: TaskAssignedEvent(taskId=40c139f0-946a-4174-9df2-287f82433be3, developerId=dev_complete_c89912ce, developerEmail=null, releaseId=6984cfb5f84b745fe3a07dc3)
2026-02-05T11:13:26.955-06:00  INFO 33892 --- [release-service] [o-auto-1-exec-2] m.c.r.release.service.ReleaseService     : Task 8f3f3708-605a-4aaa-9194-b0665e0a9d5a started by dev_complete_c89912ce
2026-02-05T11:13:27.017-06:00  INFO 33892 --- [release-service] [o-auto-1-exec-8] m.c.r.r.service.KafkaProducerService     : Sent TaskCompletedEvent: TaskCompletedEvent(taskId=8f3f3708-605a-4aaa-9194-b0665e0a9d5a, developerId=dev_complete_c89912ce, releaseId=6984cfb5f84b745fe3a07dc3)
2026-02-05T11:13:27.020-06:00  INFO 33892 --- [release-service] [o-auto-1-exec-8] m.c.r.release.service.ReleaseService     : Task 8f3f3708-605a-4aaa-9194-b0665e0a9d5a completed
2026-02-05T11:13:27.079-06:00  WARN 33892 --- [release-service] [o-auto-1-exec-6] m.c.r.r.e.GlobalExceptionHandler         : Business rule violated: Cannot complete release. Not all tasks are COMPLETED.
2026-02-05T11:13:27.145-06:00  INFO 33892 --- [release-service] [-auto-1-exec-10] m.c.r.release.service.ReleaseService     : Task 40c139f0-946a-4174-9df2-287f82433be3 started by dev_complete_c89912ce
2026-02-05T11:13:27.193-06:00  INFO 33892 --- [release-service] [o-auto-1-exec-5] m.c.r.r.service.KafkaProducerService     : Sent TaskCompletedEvent: TaskCompletedEvent(taskId=40c139f0-946a-4174-9df2-287f82433be3, developerId=dev_complete_c89912ce, releaseId=6984cfb5f84b745fe3a07dc3)
2026-02-05T11:13:27.196-06:00  INFO 33892 --- [release-service] [o-auto-1-exec-5] m.c.r.release.service.ReleaseService     : Task 40c139f0-946a-4174-9df2-287f82433be3 completed
2026-02-05T11:13:27.235-06:00  INFO 33892 --- [release-service] [o-auto-1-exec-7] m.c.r.release.service.ReleaseService     : Release 6984cfb5f84b745fe3a07dc3 marked as COMPLETED
2026-02-05T11:13:27.892-06:00  INFO 33892 --- [release-service] [o-auto-1-exec-6] m.c.r.r.service.KafkaProducerService     : Sent TaskAssignedEvent: TaskAssignedEvent(taskId=55b656a4-5fc0-4cb6-9a22-87188e157d9b, developerId=dev_seq_f6495dae, developerEmail=null, releaseId=6984cfb7f84b745fe3a07dc5)
2026-02-05T11:13:27.983-06:00  INFO 33892 --- [release-service] [-auto-1-exec-10] m.c.r.r.service.KafkaProducerService     : Sent TaskAssignedEvent: TaskAssignedEvent(taskId=80049fb1-9e4e-42b8-8e87-e9ef6887a226, developerId=dev_seq_f6495dae, developerEmail=null, releaseId=6984cfb7f84b745fe3a07dc5)
2026-02-05T11:13:28.075-06:00  WARN 33892 --- [release-service] [o-auto-1-exec-5] m.c.r.r.e.GlobalExceptionHandler         : Business rule violated: Previous task (Order 0) is not completed.
2026-02-05T11:13:28.120-06:00  INFO 33892 --- [release-service] [o-auto-1-exec-7] m.c.r.release.service.ReleaseService     : Task 55b656a4-5fc0-4cb6-9a22-87188e157d9b started by dev_seq_f6495dae
2026-02-05T11:13:30.058-06:00  INFO 33892 --- [release-service] [o-auto-1-exec-6] m.c.r.r.service.KafkaProducerService     : Sent TaskAssignedEvent: TaskAssignedEvent(taskId=7decacfa-9e89-469f-9c18-ba05d9198883, developerId=admin_rest, developerEmail=null, releaseId=6984cfb9f84b745fe3a07dc7)
2026-02-05T11:13:30.811-06:00  INFO 33892 --- [release-service] [o-auto-1-exec-2] m.c.r.r.service.KafkaProducerService     : Sent TaskAssignedEvent: TaskAssignedEvent(taskId=b7f97b48-12ee-46e7-9acc-6363525aaadf, developerId=dev_single_6316b6d1, developerEmail=null, releaseId=6984cfbaf84b745fe3a07dc9)
2026-02-05T11:13:30.873-06:00  INFO 33892 --- [release-service] [o-auto-1-exec-8] m.c.r.r.service.KafkaProducerService     : Sent TaskAssignedEvent: TaskAssignedEvent(taskId=cddba93e-2d65-4d3a-8e93-6441a0444ce3, developerId=dev_single_6316b6d1, developerEmail=null, releaseId=6984cfbaf84b745fe3a07dc9)
2026-02-05T11:13:30.964-06:00  INFO 33892 --- [release-service] [o-auto-1-exec-6] m.c.r.release.service.ReleaseService     : Task b7f97b48-12ee-46e7-9acc-6363525aaadf started by dev_single_6316b6d1
2026-02-05T11:13:31.039-06:00  WARN 33892 --- [release-service] [-auto-1-exec-10] m.c.r.r.e.GlobalExceptionHandler         : Business rule violated: Developer already has an IN_PROCESS task. Finish it first!
[INFO] Tests run: 14, Failures: 0, Errors: 0, Skipped: 0, Time elapsed: 31.82 s -- in miu.cs544.releasesystem.release.api.ReleaseApiRestAssuredTest
[INFO] Running miu.cs544.releasesystem.release.ReleaseServiceApplicationTests
2026-02-05T11:13:31.506-06:00  INFO 33892 --- [release-service] [           main] t.c.s.AnnotationConfigContextLoaderUtils : Could not detect default configuration classes for test class [miu.cs544.releasesystem.release.ReleaseServiceApplicationTests]: ReleaseServiceApplicationTests does not declare any static, non-private, non-final, nested classes annotated with @Configuration.
2026-02-05T11:13:31.551-06:00  INFO 33892 --- [release-service] [           main] .b.t.c.SpringBootTestContextBootstrapper : Found @SpringBootConfiguration miu.cs544.releasesystem.release.ReleaseServiceApplication for test class miu.cs544.releasesystem.release.ReleaseServiceApplicationTests

  .   ____          _            __ _ _
 /\\ / ___'_ __ _ _(_)_ __  __ _ \ \ \ \
( ( )\___ | '_ | '_| | '_ \/ _` | \ \ \ \
 \\/  ___)| |_)| | | | | || (_| |  ) ) ) )
  '  |____| .__|_| |_|_| |_\__, | / / / /
 =========|_|==============|___/=/_/_/_/
 :: Spring Boot ::                (v3.2.3)

2026-02-05T11:13:31.680-06:00  INFO 33892 --- [release-service] [           main] m.c.r.r.ReleaseServiceApplicationTests   : Starting ReleaseServiceApplicationTests using Java 21.0.7 with PID 33892 (started by ablik in E:\MIU\CS544-2026-01A-01D-01\Project\release-service)
2026-02-05T11:13:31.680-06:00  INFO 33892 --- [release-service] [           main] m.c.r.r.ReleaseServiceApplicationTests   : The following 1 profile is active: "test"
2026-02-05T11:13:32.428-06:00  INFO 33892 --- [release-service] [           main] .s.d.r.c.RepositoryConfigurationDelegate : Bootstrapping Spring Data MongoDB repositories in DEFAULT mode.
2026-02-05T11:13:32.437-06:00  INFO 33892 --- [release-service] [           main] .s.d.r.c.RepositoryConfigurationDelegate : Finished Spring Data repository scanning in 9 ms. Found 3 MongoDB repository interfaces.
2026-02-05T11:13:32.632-06:00  INFO 33892 --- [release-service] [           main] org.mongodb.driver.client                : MongoClient with metadata {"driver": {"name": "mongo-java-driver|sync|spring-boot", "version": "4.11.1"}, "os": {"type": "Windows", "name": "Windows 11", "architecture": "amd64", "version": "10.0"}, "platform": "Java/Microsoft/21.0.7+6-LTS"} created with settings MongoClientSettings{readPreference=primary, writeConcern=WriteConcern{w=null, wTimeout=null ms, journal=null}, retryWrites=true, retryReads=true, readConcern=ReadConcern{level=null}, credential=MongoCredential{mechanism=null, userName='admin', source='admin', password=<hidden>, mechanismProperties=<hidden>}, transportSettings=null, streamFactoryFactory=null, commandListeners=[io.micrometer.core.instrument.binder.mongodb.MongoMetricsCommandListener@f4694f8], codecRegistry=ProvidersCodecRegistry{codecProviders=[ValueCodecProvider{}, BsonValueCodecProvider{}, DBRefCodecProvider{}, DBObjectCodecProvider{}, DocumentCodecProvider{}, CollectionCodecProvider{}, IterableCodecProvider{}, MapCodecProvider{}, GeoJsonCodecProvider{}, GridFSFileCodecProvider{}, Jsr310CodecProvider{}, JsonObjectCodecProvider{}, BsonCodecProvider{}, EnumCodecProvider{}, com.mongodb.client.model.mql.ExpressionCodecProvider@1ac3a6f, com.mongodb.Jep395RecordCodecProvider@fee7ca, com.mongodb.KotlinCodecProvider@29c80149]}, loggerSettings=LoggerSettings{maxDocumentLength=1000}, clusterSettings={hosts=[localhost:27017], srvServiceName=mongodb, mode=SINGLE, requiredClusterType=UNKNOWN, requiredReplicaSetName='null', serverSelector='null', clusterListeners='[]', serverSelectionTimeout='30000 ms', localThreshold='15 ms'}, socketSettings=SocketSettings{connectTimeoutMS=10000, readTimeoutMS=0, receiveBufferSize=0, proxySettings=ProxySettings{host=null, port=null, username=null, password=null}}, heartbeatSocketSettings=SocketSettings{connectTimeoutMS=10000, readTimeoutMS=10000, receiveBufferSize=0, proxySettings=ProxySettings{host=null, port=null, username=null, password=null}}, connectionPoolSettings=ConnectionPoolSettings{maxSize=100, minSize=0, maxWaitTimeMS=120000, maxConnectionLifeTimeMS=0, maxConnectionIdleTimeMS=0, maintenanceInitialDelayMS=0, maintenanceFrequencyMS=60000, connectionPoolListeners=[io.micrometer.core.instrument.binder.mongodb.MongoMetricsConnectionPoolListener@530daa7e], maxConnecting=2}, serverSettings=ServerSettings{heartbeatFrequencyMS=10000, minHeartbeatFrequencyMS=500, serverListeners='[]', serverMonitorListeners='[]'}, sslSettings=SslSettings{enabled=false, invalidHostNameAllowed=false, context=null}, applicationName='null', compressorList=[], uuidRepresentation=JAVA_LEGACY, serverApi=null, autoEncryptionSettings=null, dnsClient=null, inetAddressResolver=null, contextProvider=null}
2026-02-05T11:13:32.635-06:00  INFO 33892 --- [release-service] [localhost:27017] org.mongodb.driver.cluster               : Monitor thread successfully connected to server with description ServerDescription{address=localhost:27017, type=STANDALONE, state=CONNECTED, ok=true, minWireVersion=0, maxWireVersion=27, maxDocumentSize=16777216, logicalSessionTimeoutMinutes=30, roundTripTimeNanos=2728900}
2026-02-05T11:13:33.191-06:00  INFO 33892 --- [release-service] [           main] o.s.b.a.e.web.EndpointLinksResolver      : Exposing 13 endpoint(s) beneath base path '/actuator'
2026-02-05T11:13:33.229-06:00  INFO 33892 --- [release-service] [           main] o.s.s.web.DefaultSecurityFilterChain     : Will secure any request with [org.springframework.security.web.session.DisableEncodeUrlFilter@69fbc5f, org.springframework.security.web.context.request.async.WebAsyncManagerIntegrationFilter@5a8dfd2e, org.springframework.security.web.context.SecurityContextHolderFilter@56569e4f, org.springframework.security.web.header.HeaderWriterFilter@40364273, org.springframework.web.filter.CorsFilter@93bc1be, org.springframework.security.web.authentication.logout.LogoutFilter@477367ad, miu.cs544.releasesystem.release.security.JwtAuthenticationFilter@13d02df2, org.springframework.security.web.savedrequest.RequestCacheAwareFilter@3fe94bea, org.springframework.security.web.servletapi.SecurityContextHolderAwareRequestFilter@4dbea3be, org.springframework.security.web.authentication.AnonymousAuthenticationFilter@6e9c118f, org.springframework.security.web.session.SessionManagementFilter@63e17053, org.springframework.security.web.access.ExceptionTranslationFilter@49da976, org.springframework.security.web.access.intercept.AuthorizationFilter@aab2419]
2026-02-05T11:13:33.739-06:00  INFO 33892 --- [release-service] [           main] o.s.b.t.m.w.SpringBootMockServletContext : Initializing Spring TestDispatcherServlet ''
2026-02-05T11:13:33.739-06:00  INFO 33892 --- [release-service] [           main] o.s.t.web.servlet.TestDispatcherServlet  : Initializing Servlet ''
2026-02-05T11:13:33.741-06:00  INFO 33892 --- [release-service] [           main] o.s.t.web.servlet.TestDispatcherServlet  : Completed initialization in 2 ms
2026-02-05T11:13:33.849-06:00  INFO 33892 --- [release-service] [           main] m.c.r.r.ReleaseServiceApplicationTests   : Started ReleaseServiceApplicationTests in 2.242 seconds (process running for 35.527)
[INFO] Tests run: 2, Failures: 0, Errors: 0, Skipped: 0, Time elapsed: 2.651 s -- in miu.cs544.releasesystem.release.ReleaseServiceApplicationTests
[INFO] 
[INFO] Results:
[INFO] 
[INFO] Tests run: 16, Failures: 0, Errors: 0, Skipped: 0
[INFO] 
[INFO] 
[INFO] -------------------< miu.cs544:notification-service >-------------------
[INFO] Building notification-service 0.0.1-SNAPSHOT                       [2/3]
[INFO]   from notification-service\pom.xml
[INFO] --------------------------------[ jar ]---------------------------------
[INFO] 
[INFO] --- resources:3.3.1:resources (default-resources) @ notification-service ---
[INFO] Copying 1 resource from src\main\resources to target\classes
[INFO] Copying 0 resource from src\main\resources to target\classes
[INFO] 
[INFO] --- compiler:3.11.0:compile (default-compile) @ notification-service ---
[INFO] Nothing to compile - all classes are up to date
[INFO] 
[INFO] --- resources:3.3.1:testResources (default-testResources) @ notification-service ---
[INFO] skip non existing resourceDirectory E:\MIU\CS544-2026-01A-01D-01\Project\notification-service\src\test\resources
[INFO] 
[INFO] --- compiler:3.11.0:testCompile (default-testCompile) @ notification-service ---
[INFO] Nothing to compile - all classes are up to date
[INFO] 
[INFO] --- surefire:3.1.2:test (default-test) @ notification-service ---
[INFO] Using auto detected provider org.apache.maven.surefire.junitplatform.JUnitPlatformProvider
[INFO] 
[INFO] -------------------------------------------------------
[INFO]  T E S T S
[INFO] -------------------------------------------------------
[INFO] Running miu.cs544.releasesystem.notification.service.KafkaConsumerServiceTest
WARNING: A Java agent has been loaded dynamically (C:\Users\ablik\.m2\repository\net\bytebuddy\byte-buddy-agent\1.14.12\byte-buddy-agent-1.14.12.jar)
WARNING: If a serviceability tool is in use, please run with -XX:+EnableDynamicAgentLoading to hide this warning
WARNING: If a serviceability tool is not in use, please run with -Djdk.instrument.traceUsage for more information
WARNING: Dynamic loading of agents will be disallowed by default in a future release
OpenJDK 64-Bit Server VM warning: Sharing is only supported for boot loader classes because bootstrap classpath has been appended
11:13:41.041 [main] INFO miu.cs544.releasesystem.notification.service.KafkaConsumerService -- Received Event - Key: assigned, Value: {"taskId":"task1","developerId":"dev1","developerEmail":"dev1@example.com","releaseId":"rel1"}
11:13:41.136 [main] INFO miu.cs544.releasesystem.notification.service.KafkaConsumerService -- TaskAssigned - developerId=dev1, developerEmail=dev1@example.com, resolved recipient=dev1@example.com
11:13:41.578 [main] INFO miu.cs544.releasesystem.notification.service.KafkaConsumerService -- Received Event - Key: assigned, Value: {"taskId":"task2","developerId":"dev2","developerEmail":"dev2@example.com","releaseId":"rel1"}
11:13:41.582 [main] INFO miu.cs544.releasesystem.notification.service.KafkaConsumerService -- TaskAssigned - developerId=dev2, developerEmail=dev2@example.com, resolved recipient=dev2@example.com
11:13:41.587 [main] ERROR miu.cs544.releasesystem.notification.service.KafkaConsumerService -- Failed to send email notification to dev2@example.com: SMTP error
java.lang.RuntimeException: SMTP error
	at miu.cs544.releasesystem.notification.service.EmailService.sendEmail(EmailService.java:24)
	at miu.cs544.releasesystem.notification.service.KafkaConsumerService.sendNotification(KafkaConsumerService.java:87)
	at miu.cs544.releasesystem.notification.service.KafkaConsumerService.listenTaskEvents(KafkaConsumerService.java:43)
	at miu.cs544.releasesystem.notification.service.KafkaConsumerServiceTest.listenTaskEvents_logsFailure_whenEmailSendThrows(KafkaConsumerServiceTest.java:69)
	at java.base/jdk.internal.reflect.DirectMethodHandleAccessor.invoke(DirectMethodHandleAccessor.java:103)
	at java.base/java.lang.reflect.Method.invoke(Method.java:580)
	at org.junit.platform.commons.util.ReflectionUtils.invokeMethod(ReflectionUtils.java:728)
	at org.junit.jupiter.engine.execution.MethodInvocation.proceed(MethodInvocation.java:60)
	at org.junit.jupiter.engine.execution.InvocationInterceptorChain$ValidatingInvocation.proceed(InvocationInterceptorChain.java:131)
	at org.junit.jupiter.engine.extension.TimeoutExtension.intercept(TimeoutExtension.java:156)
	at org.junit.jupiter.engine.extension.TimeoutExtension.interceptTestableMethod(TimeoutExtension.java:147)
	at org.junit.jupiter.engine.extension.TimeoutExtension.interceptTestMethod(TimeoutExtension.java:86)
	at org.junit.jupiter.engine.execution.InterceptingExecutableInvoker$ReflectiveInterceptorCall.lambda$ofVoidMethod$0(InterceptingExecutableInvoker.java:103)
	at org.junit.jupiter.engine.execution.InterceptingExecutableInvoker.lambda$invoke$0(InterceptingExecutableInvoker.java:93)
	at org.junit.jupiter.engine.execution.InvocationInterceptorChain$InterceptedInvocation.proceed(InvocationInterceptorChain.java:106)
	at org.junit.jupiter.engine.execution.InvocationInterceptorChain.proceed(InvocationInterceptorChain.java:64)
	at org.junit.jupiter.engine.execution.InvocationInterceptorChain.chainAndInvoke(InvocationInterceptorChain.java:45)
	at org.junit.jupiter.engine.execution.InvocationInterceptorChain.invoke(InvocationInterceptorChain.java:37)
	at org.junit.jupiter.engine.execution.InterceptingExecutableInvoker.invoke(InterceptingExecutableInvoker.java:92)
	at org.junit.jupiter.engine.execution.InterceptingExecutableInvoker.invoke(InterceptingExecutableInvoker.java:86)
	at org.junit.jupiter.engine.descriptor.TestMethodTestDescriptor.lambda$invokeTestMethod$7(TestMethodTestDescriptor.java:218)
	at org.junit.platform.engine.support.hierarchical.ThrowableCollector.execute(ThrowableCollector.java:73)
	at org.junit.jupiter.engine.descriptor.TestMethodTestDescriptor.invokeTestMethod(TestMethodTestDescriptor.java:214)
	at org.junit.jupiter.engine.descriptor.TestMethodTestDescriptor.execute(TestMethodTestDescriptor.java:139)
	at org.junit.jupiter.engine.descriptor.TestMethodTestDescriptor.execute(TestMethodTestDescriptor.java:69)
	at org.junit.platform.engine.support.hierarchical.NodeTestTask.lambda$executeRecursively$6(NodeTestTask.java:151)
	at org.junit.platform.engine.support.hierarchical.ThrowableCollector.execute(ThrowableCollector.java:73)
	at org.junit.platform.engine.support.hierarchical.NodeTestTask.lambda$executeRecursively$8(NodeTestTask.java:141)
	at org.junit.platform.engine.support.hierarchical.Node.around(Node.java:137)
	at org.junit.platform.engine.support.hierarchical.NodeTestTask.lambda$executeRecursively$9(NodeTestTask.java:139)
	at org.junit.platform.engine.support.hierarchical.ThrowableCollector.execute(ThrowableCollector.java:73)
	at org.junit.platform.engine.support.hierarchical.NodeTestTask.executeRecursively(NodeTestTask.java:138)
	at org.junit.platform.engine.support.hierarchical.NodeTestTask.execute(NodeTestTask.java:95)
	at java.base/java.util.ArrayList.forEach(ArrayList.java:1596)
	at org.junit.platform.engine.support.hierarchical.SameThreadHierarchicalTestExecutorService.invokeAll(SameThreadHierarchicalTestExecutorService.java:41)
	at org.junit.platform.engine.support.hierarchical.NodeTestTask.lambda$executeRecursively$6(NodeTestTask.java:155)
	at org.junit.platform.engine.support.hierarchical.ThrowableCollector.execute(ThrowableCollector.java:73)
	at org.junit.platform.engine.support.hierarchical.NodeTestTask.lambda$executeRecursively$8(NodeTestTask.java:141)
	at org.junit.platform.engine.support.hierarchical.Node.around(Node.java:137)
	at org.junit.platform.engine.support.hierarchical.NodeTestTask.lambda$executeRecursively$9(NodeTestTask.java:139)
	at org.junit.platform.engine.support.hierarchical.ThrowableCollector.execute(ThrowableCollector.java:73)
	at org.junit.platform.engine.support.hierarchical.NodeTestTask.executeRecursively(NodeTestTask.java:138)
	at org.junit.platform.engine.support.hierarchical.NodeTestTask.execute(NodeTestTask.java:95)
	at java.base/java.util.ArrayList.forEach(ArrayList.java:1596)
	at org.junit.platform.engine.support.hierarchical.SameThreadHierarchicalTestExecutorService.invokeAll(SameThreadHierarchicalTestExecutorService.java:41)
	at org.junit.platform.engine.support.hierarchical.NodeTestTask.lambda$executeRecursively$6(NodeTestTask.java:155)
	at org.junit.platform.engine.support.hierarchical.ThrowableCollector.execute(ThrowableCollector.java:73)
	at org.junit.platform.engine.support.hierarchical.NodeTestTask.lambda$executeRecursively$8(NodeTestTask.java:141)
	at org.junit.platform.engine.support.hierarchical.Node.around(Node.java:137)
	at org.junit.platform.engine.support.hierarchical.NodeTestTask.lambda$executeRecursively$9(NodeTestTask.java:139)
	at org.junit.platform.engine.support.hierarchical.ThrowableCollector.execute(ThrowableCollector.java:73)
	at org.junit.platform.engine.support.hierarchical.NodeTestTask.executeRecursively(NodeTestTask.java:138)
	at org.junit.platform.engine.support.hierarchical.NodeTestTask.execute(NodeTestTask.java:95)
	at org.junit.platform.engine.support.hierarchical.SameThreadHierarchicalTestExecutorService.submit(SameThreadHierarchicalTestExecutorService.java:35)
	at org.junit.platform.engine.support.hierarchical.HierarchicalTestExecutor.execute(HierarchicalTestExecutor.java:57)
	at org.junit.platform.engine.support.hierarchical.HierarchicalTestEngine.execute(HierarchicalTestEngine.java:54)
	at org.junit.platform.launcher.core.EngineExecutionOrchestrator.execute(EngineExecutionOrchestrator.java:198)
	at org.junit.platform.launcher.core.EngineExecutionOrchestrator.execute(EngineExecutionOrchestrator.java:169)
	at org.junit.platform.launcher.core.EngineExecutionOrchestrator.execute(EngineExecutionOrchestrator.java:93)
	at org.junit.platform.launcher.core.EngineExecutionOrchestrator.lambda$execute$0(EngineExecutionOrchestrator.java:58)
	at org.junit.platform.launcher.core.EngineExecutionOrchestrator.withInterceptedStreams(EngineExecutionOrchestrator.java:141)
	at org.junit.platform.launcher.core.EngineExecutionOrchestrator.execute(EngineExecutionOrchestrator.java:57)
	at org.junit.platform.launcher.core.DefaultLauncher.execute(DefaultLauncher.java:103)
	at org.junit.platform.launcher.core.DefaultLauncher.execute(DefaultLauncher.java:85)
	at org.junit.platform.launcher.core.DelegatingLauncher.execute(DelegatingLauncher.java:47)
	at org.apache.maven.surefire.junitplatform.LazyLauncher.execute(LazyLauncher.java:56)
	at org.apache.maven.surefire.junitplatform.JUnitPlatformProvider.execute(JUnitPlatformProvider.java:184)
	at org.apache.maven.surefire.junitplatform.JUnitPlatformProvider.invokeAllTests(JUnitPlatformProvider.java:148)
	at org.apache.maven.surefire.junitplatform.JUnitPlatformProvider.invoke(JUnitPlatformProvider.java:122)
	at org.apache.maven.surefire.booter.ForkedBooter.runSuitesInProcess(ForkedBooter.java:385)
	at org.apache.maven.surefire.booter.ForkedBooter.execute(ForkedBooter.java:162)
	at org.apache.maven.surefire.booter.ForkedBooter.run(ForkedBooter.java:507)
	at org.apache.maven.surefire.booter.ForkedBooter.main(ForkedBooter.java:495)
[INFO] Tests run: 3, Failures: 0, Errors: 0, Skipped: 0, Time elapsed: 3.163 s -- in miu.cs544.releasesystem.notification.service.KafkaConsumerServiceTest
[INFO] 
[INFO] Results:
[INFO] 
[INFO] Tests run: 3, Failures: 0, Errors: 0, Skipped: 0
[INFO] 
[INFO] 
[INFO] ----------------------< miu.cs544:release-system >----------------------
[INFO] Building Release System 0.0.1-SNAPSHOT                             [3/3]
[INFO]   from pom.xml
[INFO] --------------------------------[ pom ]---------------------------------
[INFO] ------------------------------------------------------------------------
[INFO] Reactor Summary for Release System 0.0.1-SNAPSHOT:
[INFO] 
[INFO] release-service .................................... SUCCESS [ 43.522 s]
[INFO] notification-service ............................... SUCCESS [  4.571 s]
[INFO] Release System ..................................... SUCCESS [  0.001 s]
[INFO] ------------------------------------------------------------------------
[INFO] BUILD SUCCESS
[INFO] ------------------------------------------------------------------------
[INFO] Total time:  48.703 s
[INFO] Finished at: 2026-02-05T11:13:41-06:00
[INFO] ------------------------------------------------------------------------
